2020/10/12 06:33:26 [error] 27#27: *1 open() "/usr/share/nginx/html/favicon.ico" failed (2: No such file or directory), client: 172.24.0.1, server: localhost, request: "GET /favicon.ico HTTP/1.1", host: "127.0.0.1:18087", referrer: "http://127.0.0.1:18087/"
2020/10/12 07:00:51 [error] 27#27: *71 upstream timed out (110: Connection timed out) while reading response header from upstream, client: 172.24.0.1, server: localhost, request: "GET /index.php HTTP/1.1", upstream: "fastcgi://172.24.0.2:9000", host: "127.0.0.1:18087"
2020/10/12 07:00:51 [error] 27#27: *71 open() "/usr/share/nginx/html/50x.html" failed (2: No such file or directory), client: 172.24.0.1, server: localhost, request: "GET /index.php HTTP/1.1", upstream: "fastcgi://172.24.0.2:9000", host: "127.0.0.1:18087"
2024/09/21 19:25:26 [notice] 1#1: using the "epoll" event method
2024/09/21 19:25:26 [notice] 1#1: nginx/1.27.1
2024/09/21 19:25:26 [notice] 1#1: built by gcc 12.2.0 (Debian 12.2.0-14) 
2024/09/21 19:25:26 [notice] 1#1: OS: Linux 6.6.16-linuxkit
2024/09/21 19:25:26 [notice] 1#1: getrlimit(RLIMIT_NOFILE): 1048576:1048576
2024/09/21 19:25:26 [notice] 1#1: start worker processes
2024/09/21 19:25:26 [notice] 1#1: start worker process 27
2024/09/21 19:25:26 [notice] 1#1: start worker process 28
2024/09/21 19:25:26 [notice] 1#1: start worker process 29
2024/09/21 19:25:26 [notice] 1#1: start worker process 30
2024/09/21 19:25:26 [notice] 1#1: start worker process 31
2024/09/21 19:25:26 [notice] 1#1: start worker process 32
2024/09/21 19:25:26 [notice] 1#1: start worker process 33
2024/09/21 19:25:26 [notice] 1#1: start worker process 34
2024/09/21 19:25:26 [notice] 1#1: start worker process 35
2024/09/21 19:25:26 [notice] 1#1: start worker process 36
2024/09/21 19:25:26 [notice] 1#1: start worker process 37
2024/09/21 19:25:26 [notice] 1#1: start worker process 38
2024/09/21 19:36:36 [error] 27#27: *1 open() "/usr/share/nginx/html/favicon.ico" failed (2: No such file or directory), client: 192.168.65.1, server: localhost, request: "GET /favicon.ico HTTP/1.1", host: "localhost:18087", referrer: "http://localhost:18087/"
2024/09/21 21:51:03 [notice] 1#1: using the "epoll" event method
2024/09/21 21:51:03 [notice] 1#1: nginx/1.27.1
2024/09/21 21:51:03 [notice] 1#1: built by gcc 12.2.0 (Debian 12.2.0-14) 
2024/09/21 21:51:03 [notice] 1#1: OS: Linux 6.6.16-linuxkit
2024/09/21 21:51:03 [notice] 1#1: getrlimit(RLIMIT_NOFILE): 1048576:1048576
2024/09/21 21:51:03 [notice] 1#1: start worker processes
2024/09/21 21:51:03 [notice] 1#1: start worker process 28
2024/09/21 21:51:03 [notice] 1#1: start worker process 29
2024/09/21 21:51:03 [notice] 1#1: start worker process 30
2024/09/21 21:51:03 [notice] 1#1: start worker process 31
2024/09/21 21:51:03 [notice] 1#1: start worker process 32
2024/09/21 21:51:03 [notice] 1#1: start worker process 33
2024/09/21 21:51:03 [notice] 1#1: start worker process 34
2024/09/21 21:51:03 [notice] 1#1: start worker process 35
2024/09/21 21:51:03 [notice] 1#1: start worker process 36
2024/09/21 21:51:03 [notice] 1#1: start worker process 37
2024/09/21 21:51:03 [notice] 1#1: start worker process 38
2024/09/21 21:51:03 [notice] 1#1: start worker process 39
2024/09/21 21:59:37 [notice] 1#1: using the "epoll" event method
2024/09/21 21:59:37 [notice] 1#1: nginx/1.27.1
2024/09/21 21:59:37 [notice] 1#1: built by gcc 12.2.0 (Debian 12.2.0-14) 
2024/09/21 21:59:37 [notice] 1#1: OS: Linux 6.6.16-linuxkit
2024/09/21 21:59:37 [notice] 1#1: getrlimit(RLIMIT_NOFILE): 1048576:1048576
2024/09/21 21:59:37 [notice] 1#1: start worker processes
2024/09/21 21:59:37 [notice] 1#1: start worker process 28
2024/09/21 21:59:37 [notice] 1#1: start worker process 29
2024/09/21 21:59:37 [notice] 1#1: start worker process 30
2024/09/21 21:59:37 [notice] 1#1: start worker process 31
2024/09/21 21:59:37 [notice] 1#1: start worker process 32
2024/09/21 21:59:37 [notice] 1#1: start worker process 33
2024/09/21 21:59:37 [notice] 1#1: start worker process 34
2024/09/21 21:59:37 [notice] 1#1: start worker process 35
2024/09/21 21:59:37 [notice] 1#1: start worker process 36
2024/09/21 21:59:37 [notice] 1#1: start worker process 37
2024/09/21 21:59:37 [notice] 1#1: start worker process 38
2024/09/21 21:59:37 [notice] 1#1: start worker process 39
2024/09/21 22:10:21 [notice] 1#1: using the "epoll" event method
2024/09/21 22:10:21 [notice] 1#1: nginx/1.27.1
2024/09/21 22:10:21 [notice] 1#1: built by gcc 12.2.0 (Debian 12.2.0-14) 
2024/09/21 22:10:21 [notice] 1#1: OS: Linux 6.6.16-linuxkit
2024/09/21 22:10:21 [notice] 1#1: getrlimit(RLIMIT_NOFILE): 1048576:1048576
2024/09/21 22:10:21 [notice] 1#1: start worker processes
2024/09/21 22:10:21 [notice] 1#1: start worker process 28
2024/09/21 22:10:21 [notice] 1#1: start worker process 29
2024/09/21 22:10:21 [notice] 1#1: start worker process 30
2024/09/21 22:10:21 [notice] 1#1: start worker process 31
2024/09/21 22:10:21 [notice] 1#1: start worker process 32
2024/09/21 22:10:21 [notice] 1#1: start worker process 33
2024/09/21 22:10:21 [notice] 1#1: start worker process 34
2024/09/21 22:10:21 [notice] 1#1: start worker process 35
2024/09/21 22:10:21 [notice] 1#1: start worker process 36
2024/09/21 22:10:21 [notice] 1#1: start worker process 37
2024/09/21 22:10:21 [notice] 1#1: start worker process 38
2024/09/21 22:10:21 [notice] 1#1: start worker process 39
2024/09/21 22:13:35 [notice] 1#1: using the "epoll" event method
2024/09/21 22:13:35 [notice] 1#1: nginx/1.27.1
2024/09/21 22:13:35 [notice] 1#1: built by gcc 12.2.0 (Debian 12.2.0-14) 
2024/09/21 22:13:35 [notice] 1#1: OS: Linux 6.6.16-linuxkit
2024/09/21 22:13:35 [notice] 1#1: getrlimit(RLIMIT_NOFILE): 1048576:1048576
2024/09/21 22:13:35 [notice] 1#1: start worker processes
2024/09/21 22:13:35 [notice] 1#1: start worker process 28
2024/09/21 22:13:35 [notice] 1#1: start worker process 29
2024/09/21 22:13:35 [notice] 1#1: start worker process 30
2024/09/21 22:13:35 [notice] 1#1: start worker process 31
2024/09/21 22:13:35 [notice] 1#1: start worker process 32
2024/09/21 22:13:35 [notice] 1#1: start worker process 33
2024/09/21 22:13:35 [notice] 1#1: start worker process 34
2024/09/21 22:13:35 [notice] 1#1: start worker process 35
2024/09/21 22:13:35 [notice] 1#1: start worker process 36
2024/09/21 22:13:35 [notice] 1#1: start worker process 37
2024/09/21 22:13:35 [notice] 1#1: start worker process 38
2024/09/21 22:13:35 [notice] 1#1: start worker process 39
2024/09/21 22:19:46 [error] 33#33: *16 open() "/usr/share/nginx/html/favicon.ico" failed (2: No such file or directory), client: 192.168.65.1, server: localhost, request: "GET /favicon.ico HTTP/1.1", host: "192.168.31.128:18087", referrer: "http://192.168.31.128:18087/index.php"
2024/09/21 22:21:39 [error] 35#35: *19 open() "/usr/share/nginx/html/favicon.ico" failed (2: No such file or directory), client: 192.168.65.1, server: localhost, request: "GET /favicon.ico HTTP/1.1", host: "192.168.31.128:18087", referrer: "http://192.168.31.128:18087/index.php"
2024/09/21 22:21:40 [error] 35#35: *19 open() "/usr/share/nginx/html/favicon.ico" failed (2: No such file or directory), client: 192.168.65.1, server: localhost, request: "GET /favicon.ico HTTP/1.1", host: "192.168.31.128:18087", referrer: "http://192.168.31.128:18087/index.php"
2024/09/21 22:28:27 [notice] 1#1: using the "epoll" event method
2024/09/21 22:28:27 [notice] 1#1: nginx/1.27.1
2024/09/21 22:28:27 [notice] 1#1: built by gcc 12.2.0 (Debian 12.2.0-14) 
2024/09/21 22:28:27 [notice] 1#1: OS: Linux 6.6.16-linuxkit
2024/09/21 22:28:27 [notice] 1#1: getrlimit(RLIMIT_NOFILE): 1048576:1048576
2024/09/21 22:28:27 [notice] 1#1: start worker processes
2024/09/21 22:28:27 [notice] 1#1: start worker process 28
2024/09/21 22:28:27 [notice] 1#1: start worker process 29
2024/09/21 22:28:27 [notice] 1#1: start worker process 30
2024/09/21 22:28:27 [notice] 1#1: start worker process 31
2024/09/21 22:28:27 [notice] 1#1: start worker process 32
2024/09/21 22:28:27 [notice] 1#1: start worker process 33
2024/09/21 22:28:27 [notice] 1#1: start worker process 34
2024/09/21 22:28:27 [notice] 1#1: start worker process 35
2024/09/21 22:28:27 [notice] 1#1: start worker process 36
2024/09/21 22:28:27 [notice] 1#1: start worker process 37
2024/09/21 22:28:27 [notice] 1#1: start worker process 38
2024/09/21 22:28:27 [notice] 1#1: start worker process 39
2024/09/22 05:59:17 [error] 38#38: *23 open() "/usr/share/nginx/html/favicon.ico" failed (2: No such file or directory), client: 192.168.65.1, server: localhost, request: "GET /favicon.ico HTTP/1.1", host: "172.20.10.2:18087", referrer: "http://172.20.10.2:18087/index.php"
2024/09/22 06:05:10 [error] 28#28: *26 open() "/usr/share/nginx/html/favicon.ico" failed (2: No such file or directory), client: 192.168.65.1, server: localhost, request: "GET /favicon.ico HTTP/1.1", host: "192.168.31.128:18087", referrer: "http://192.168.31.128:18087/index.php"
2024/09/22 06:05:11 [error] 28#28: *26 open() "/usr/share/nginx/html/favicon.ico" failed (2: No such file or directory), client: 192.168.65.1, server: localhost, request: "GET /favicon.ico HTTP/1.1", host: "192.168.31.128:18087", referrer: "http://192.168.31.128:18087/index.php"
2024/09/22 06:07:17 [error] 28#28: *44 open() "/usr/share/nginx/html/favicon.ico" failed (2: No such file or directory), client: 192.168.65.1, server: localhost, request: "GET /favicon.ico HTTP/1.1", host: "192.168.31.128:18087", referrer: "http://192.168.31.128:18087/index.php"
2024/09/22 06:07:19 [error] 28#28: *44 open() "/usr/share/nginx/html/favicon.ico" failed (2: No such file or directory), client: 192.168.65.1, server: localhost, request: "GET /favicon.ico HTTP/1.1", host: "192.168.31.128:18087", referrer: "http://192.168.31.128:18087/index.php"
2024/09/22 06:13:49 [error] 29#29: *61 open() "/usr/share/nginx/html/favicon.ico" failed (2: No such file or directory), client: 192.168.65.1, server: localhost, request: "GET /favicon.ico HTTP/1.1", host: "192.168.31.128:18087", referrer: "http://192.168.31.128:18087/index.php"
2024/09/22 06:13:50 [error] 29#29: *61 open() "/usr/share/nginx/html/favicon.ico" failed (2: No such file or directory), client: 192.168.65.1, server: localhost, request: "GET /favicon.ico HTTP/1.1", host: "192.168.31.128:18087", referrer: "http://192.168.31.128:18087/index.php"
2024/09/22 06:13:50 [error] 29#29: *61 open() "/usr/share/nginx/html/favicon.ico" failed (2: No such file or directory), client: 192.168.65.1, server: localhost, request: "GET /favicon.ico HTTP/1.1", host: "192.168.31.128:18087", referrer: "http://192.168.31.128:18087/index.php"
2024/09/22 06:13:51 [error] 29#29: *61 open() "/usr/share/nginx/html/favicon.ico" failed (2: No such file or directory), client: 192.168.65.1, server: localhost, request: "GET /favicon.ico HTTP/1.1", host: "192.168.31.128:18087", referrer: "http://192.168.31.128:18087/index.php"
2024/09/22 06:13:51 [error] 29#29: *61 open() "/usr/share/nginx/html/favicon.ico" failed (2: No such file or directory), client: 192.168.65.1, server: localhost, request: "GET /favicon.ico HTTP/1.1", host: "192.168.31.128:18087", referrer: "http://192.168.31.128:18087/index.php"
2024/09/22 06:19:02 [error] 28#28: *95 open() "/usr/share/nginx/html/favicon.ico" failed (2: No such file or directory), client: 192.168.65.1, server: localhost, request: "GET /favicon.ico HTTP/1.1", host: "127.0.0.1:18087", referrer: "http://127.0.0.1:18087/index.php"
2024/09/22 06:19:38 [notice] 1#1: using the "epoll" event method
2024/09/22 06:19:38 [notice] 1#1: nginx/1.27.1
2024/09/22 06:19:38 [notice] 1#1: built by gcc 12.2.0 (Debian 12.2.0-14) 
2024/09/22 06:19:38 [notice] 1#1: OS: Linux 6.6.16-linuxkit
2024/09/22 06:19:38 [notice] 1#1: getrlimit(RLIMIT_NOFILE): 1048576:1048576
2024/09/22 06:19:38 [notice] 1#1: start worker processes
2024/09/22 06:19:38 [notice] 1#1: start worker process 28
2024/09/22 06:19:38 [notice] 1#1: start worker process 29
2024/09/22 06:19:38 [notice] 1#1: start worker process 30
2024/09/22 06:19:38 [notice] 1#1: start worker process 31
2024/09/22 06:19:38 [notice] 1#1: start worker process 32
2024/09/22 06:19:38 [notice] 1#1: start worker process 33
2024/09/22 06:19:38 [notice] 1#1: start worker process 34
2024/09/22 06:19:38 [notice] 1#1: start worker process 35
2024/09/22 06:19:38 [notice] 1#1: start worker process 36
2024/09/22 06:19:38 [notice] 1#1: start worker process 37
2024/09/22 06:19:38 [notice] 1#1: start worker process 38
2024/09/22 06:19:38 [notice] 1#1: start worker process 39
2024/09/22 06:26:49 [notice] 1#1: using the "epoll" event method
2024/09/22 06:26:49 [notice] 1#1: nginx/1.27.1
2024/09/22 06:26:49 [notice] 1#1: built by gcc 12.2.0 (Debian 12.2.0-14) 
2024/09/22 06:26:49 [notice] 1#1: OS: Linux 6.6.16-linuxkit
2024/09/22 06:26:49 [notice] 1#1: getrlimit(RLIMIT_NOFILE): 1048576:1048576
2024/09/22 06:26:49 [notice] 1#1: start worker processes
2024/09/22 06:26:49 [notice] 1#1: start worker process 28
2024/09/22 06:26:49 [notice] 1#1: start worker process 29
2024/09/22 06:26:49 [notice] 1#1: start worker process 30
2024/09/22 06:26:49 [notice] 1#1: start worker process 31
2024/09/22 06:26:49 [notice] 1#1: start worker process 32
2024/09/22 06:26:49 [notice] 1#1: start worker process 33
2024/09/22 06:26:49 [notice] 1#1: start worker process 34
2024/09/22 06:26:49 [notice] 1#1: start worker process 35
2024/09/22 06:26:49 [notice] 1#1: start worker process 36
2024/09/22 06:26:49 [notice] 1#1: start worker process 37
2024/09/22 06:26:49 [notice] 1#1: start worker process 38
2024/09/22 06:26:49 [notice] 1#1: start worker process 39
2024/09/22 06:26:56 [notice] 1#1: using the "epoll" event method
2024/09/22 06:26:56 [notice] 1#1: nginx/1.27.1
2024/09/22 06:26:56 [notice] 1#1: built by gcc 12.2.0 (Debian 12.2.0-14) 
2024/09/22 06:26:56 [notice] 1#1: OS: Linux 6.6.16-linuxkit
2024/09/22 06:26:56 [notice] 1#1: getrlimit(RLIMIT_NOFILE): 1048576:1048576
2024/09/22 06:26:56 [notice] 1#1: start worker processes
2024/09/22 06:26:56 [notice] 1#1: start worker process 27
2024/09/22 06:26:56 [notice] 1#1: start worker process 28
2024/09/22 06:26:56 [notice] 1#1: start worker process 29
2024/09/22 06:26:56 [notice] 1#1: start worker process 30
2024/09/22 06:26:56 [notice] 1#1: start worker process 31
2024/09/22 06:26:56 [notice] 1#1: start worker process 32
2024/09/22 06:26:56 [notice] 1#1: start worker process 33
2024/09/22 06:26:56 [notice] 1#1: start worker process 34
2024/09/22 06:26:56 [notice] 1#1: start worker process 35
2024/09/22 06:26:56 [notice] 1#1: start worker process 36
2024/09/22 06:26:56 [notice] 1#1: start worker process 37
2024/09/22 06:26:56 [notice] 1#1: start worker process 38
2024/09/22 06:30:15 [notice] 1#1: using the "epoll" event method
2024/09/22 06:30:15 [notice] 1#1: nginx/1.27.1
2024/09/22 06:30:15 [notice] 1#1: built by gcc 12.2.0 (Debian 12.2.0-14) 
2024/09/22 06:30:15 [notice] 1#1: OS: Linux 6.6.16-linuxkit
2024/09/22 06:30:15 [notice] 1#1: getrlimit(RLIMIT_NOFILE): 1048576:1048576
2024/09/22 06:30:15 [notice] 1#1: start worker processes
2024/09/22 06:30:15 [notice] 1#1: start worker process 28
2024/09/22 06:30:15 [notice] 1#1: start worker process 29
2024/09/22 06:30:15 [notice] 1#1: start worker process 30
2024/09/22 06:30:15 [notice] 1#1: start worker process 31
2024/09/22 06:30:15 [notice] 1#1: start worker process 32
2024/09/22 06:30:15 [notice] 1#1: start worker process 33
2024/09/22 06:30:15 [notice] 1#1: start worker process 34
2024/09/22 06:30:15 [notice] 1#1: start worker process 35
2024/09/22 06:30:15 [notice] 1#1: start worker process 36
2024/09/22 06:30:15 [notice] 1#1: start worker process 37
2024/09/22 06:30:15 [notice] 1#1: start worker process 38
2024/09/22 06:30:15 [notice] 1#1: start worker process 39
2024/09/22 06:30:35 [notice] 1#1: signal 3 (SIGQUIT) received, shutting down
2024/09/22 06:30:35 [notice] 30#30: gracefully shutting down
2024/09/22 06:30:35 [notice] 36#36: gracefully shutting down
2024/09/22 06:30:35 [notice] 28#28: gracefully shutting down
2024/09/22 06:30:35 [notice] 37#37: gracefully shutting down
2024/09/22 06:30:35 [notice] 35#35: gracefully shutting down
2024/09/22 06:30:35 [notice] 37#37: exiting
2024/09/22 06:30:35 [notice] 32#32: gracefully shutting down
2024/09/22 06:30:35 [notice] 33#33: gracefully shutting down
2024/09/22 06:30:35 [notice] 38#38: gracefully shutting down
2024/09/22 06:30:35 [notice] 29#29: gracefully shutting down
2024/09/22 06:30:35 [notice] 39#39: gracefully shutting down
2024/09/22 06:30:35 [notice] 34#34: gracefully shutting down
2024/09/22 06:30:35 [notice] 31#31: gracefully shutting down
2024/09/22 06:30:35 [notice] 30#30: exiting
2024/09/22 06:30:35 [notice] 39#39: exiting
2024/09/22 06:30:35 [notice] 36#36: exiting
2024/09/22 06:30:35 [notice] 30#30: exit
2024/09/22 06:30:35 [notice] 28#28: exiting
2024/09/22 06:30:35 [notice] 35#35: exiting
2024/09/22 06:30:35 [notice] 37#37: exit
2024/09/22 06:30:35 [notice] 32#32: exiting
2024/09/22 06:30:35 [notice] 33#33: exiting
2024/09/22 06:30:35 [notice] 38#38: exiting
2024/09/22 06:30:35 [notice] 29#29: exiting
2024/09/22 06:30:35 [notice] 34#34: exiting
2024/09/22 06:30:35 [notice] 31#31: exiting
2024/09/22 06:30:35 [notice] 34#34: exit
2024/09/22 06:30:35 [notice] 39#39: exit
2024/09/22 06:30:35 [notice] 36#36: exit
2024/09/22 06:30:35 [notice] 28#28: exit
2024/09/22 06:30:35 [notice] 35#35: exit
2024/09/22 06:30:35 [notice] 32#32: exit
2024/09/22 06:30:35 [notice] 33#33: exit
2024/09/22 06:30:35 [notice] 38#38: exit
2024/09/22 06:30:35 [notice] 29#29: exit
2024/09/22 06:30:35 [notice] 31#31: exit
2024/09/22 06:30:35 [notice] 1#1: signal 17 (SIGCHLD) received from 39
2024/09/22 06:30:35 [notice] 1#1: worker process 39 exited with code 0
2024/09/22 06:30:35 [notice] 1#1: signal 29 (SIGIO) received
2024/09/22 06:30:35 [notice] 1#1: signal 17 (SIGCHLD) received from 37
2024/09/22 06:30:35 [notice] 1#1: worker process 36 exited with code 0
2024/09/22 06:30:35 [notice] 1#1: worker process 30 exited with code 0
2024/09/22 06:30:35 [notice] 1#1: worker process 37 exited with code 0
2024/09/22 06:30:35 [notice] 1#1: signal 29 (SIGIO) received
2024/09/22 06:30:35 [notice] 1#1: signal 17 (SIGCHLD) received from 36
2024/09/22 06:30:35 [notice] 1#1: signal 17 (SIGCHLD) received from 32
2024/09/22 06:30:35 [notice] 1#1: worker process 28 exited with code 0
2024/09/22 06:30:35 [notice] 1#1: worker process 31 exited with code 0
2024/09/22 06:30:35 [notice] 1#1: worker process 32 exited with code 0
2024/09/22 06:30:35 [notice] 1#1: worker process 34 exited with code 0
2024/09/22 06:30:35 [notice] 1#1: worker process 35 exited with code 0
2024/09/22 06:30:35 [notice] 1#1: worker process 38 exited with code 0
2024/09/22 06:30:35 [notice] 1#1: signal 29 (SIGIO) received
2024/09/22 06:30:35 [notice] 1#1: signal 17 (SIGCHLD) received from 35
2024/09/22 06:30:35 [notice] 1#1: signal 17 (SIGCHLD) received from 33
2024/09/22 06:30:35 [notice] 1#1: worker process 29 exited with code 0
2024/09/22 06:30:35 [notice] 1#1: worker process 33 exited with code 0
2024/09/22 06:30:35 [notice] 1#1: exit
2024/09/22 06:30:37 [notice] 1#1: using the "epoll" event method
2024/09/22 06:30:37 [notice] 1#1: nginx/1.27.1
2024/09/22 06:30:37 [notice] 1#1: built by gcc 12.2.0 (Debian 12.2.0-14) 
2024/09/22 06:30:37 [notice] 1#1: OS: Linux 6.6.16-linuxkit
2024/09/22 06:30:37 [notice] 1#1: getrlimit(RLIMIT_NOFILE): 1048576:1048576
2024/09/22 06:30:37 [notice] 1#1: start worker processes
2024/09/22 06:30:37 [notice] 1#1: start worker process 28
2024/09/22 06:30:37 [notice] 1#1: start worker process 29
2024/09/22 06:30:37 [notice] 1#1: start worker process 30
2024/09/22 06:30:37 [notice] 1#1: start worker process 31
2024/09/22 06:30:37 [notice] 1#1: start worker process 32
2024/09/22 06:30:37 [notice] 1#1: start worker process 33
2024/09/22 06:30:37 [notice] 1#1: start worker process 34
2024/09/22 06:30:37 [notice] 1#1: start worker process 35
2024/09/22 06:30:37 [notice] 1#1: start worker process 36
2024/09/22 06:30:37 [notice] 1#1: start worker process 37
2024/09/22 06:30:37 [notice] 1#1: start worker process 38
2024/09/22 06:30:37 [notice] 1#1: start worker process 39
2024/09/22 06:31:09 [notice] 1#1: signal 3 (SIGQUIT) received, shutting down
2024/09/22 06:31:09 [notice] 36#36: gracefully shutting down
2024/09/22 06:31:09 [notice] 33#33: gracefully shutting down
2024/09/22 06:31:09 [notice] 34#34: gracefully shutting down
2024/09/22 06:31:09 [notice] 34#34: exiting
2024/09/22 06:31:09 [notice] 29#29: gracefully shutting down
2024/09/22 06:31:09 [notice] 37#37: gracefully shutting down
2024/09/22 06:31:09 [notice] 35#35: gracefully shutting down
2024/09/22 06:31:09 [notice] 30#30: gracefully shutting down
2024/09/22 06:31:09 [notice] 32#32: gracefully shutting down
2024/09/22 06:31:09 [notice] 30#30: exiting
2024/09/22 06:31:09 [notice] 39#39: gracefully shutting down
2024/09/22 06:31:09 [notice] 31#31: gracefully shutting down
2024/09/22 06:31:09 [notice] 38#38: gracefully shutting down
2024/09/22 06:31:09 [notice] 31#31: exiting
2024/09/22 06:31:09 [notice] 36#36: exiting
2024/09/22 06:31:09 [notice] 28#28: gracefully shutting down
2024/09/22 06:31:09 [notice] 33#33: exiting
2024/09/22 06:31:09 [notice] 28#28: exiting
2024/09/22 06:31:09 [notice] 34#34: exit
2024/09/22 06:31:09 [notice] 29#29: exiting
2024/09/22 06:31:09 [notice] 37#37: exiting
2024/09/22 06:31:09 [notice] 35#35: exiting
2024/09/22 06:31:09 [notice] 32#32: exiting
2024/09/22 06:31:09 [notice] 32#32: exit
2024/09/22 06:31:09 [notice] 30#30: exit
2024/09/22 06:31:09 [notice] 39#39: exiting
2024/09/22 06:31:09 [notice] 38#38: exiting
2024/09/22 06:31:09 [notice] 31#31: exit
2024/09/22 06:31:09 [notice] 36#36: exit
2024/09/22 06:31:09 [notice] 33#33: exit
2024/09/22 06:31:09 [notice] 28#28: exit
2024/09/22 06:31:09 [notice] 29#29: exit
2024/09/22 06:31:09 [notice] 37#37: exit
2024/09/22 06:31:09 [notice] 35#35: exit
2024/09/22 06:31:09 [notice] 39#39: exit
2024/09/22 06:31:09 [notice] 38#38: exit
2024/09/22 06:31:09 [notice] 1#1: signal 17 (SIGCHLD) received from 34
2024/09/22 06:31:09 [notice] 1#1: worker process 34 exited with code 0
2024/09/22 06:31:09 [notice] 1#1: signal 29 (SIGIO) received
2024/09/22 06:31:09 [notice] 1#1: signal 17 (SIGCHLD) received from 36
2024/09/22 06:31:09 [notice] 1#1: worker process 32 exited with code 0
2024/09/22 06:31:09 [notice] 1#1: worker process 30 exited with code 0
2024/09/22 06:31:09 [notice] 1#1: worker process 36 exited with code 0
2024/09/22 06:31:09 [notice] 1#1: worker process 37 exited with code 0
2024/09/22 06:31:09 [notice] 1#1: worker process 38 exited with code 0
2024/09/22 06:31:09 [notice] 1#1: signal 29 (SIGIO) received
2024/09/22 06:31:09 [notice] 1#1: signal 17 (SIGCHLD) received from 30
2024/09/22 06:31:09 [notice] 1#1: signal 17 (SIGCHLD) received from 35
2024/09/22 06:31:09 [notice] 1#1: worker process 35 exited with code 0
2024/09/22 06:31:09 [notice] 1#1: signal 29 (SIGIO) received
2024/09/22 06:31:09 [notice] 1#1: signal 17 (SIGCHLD) received from 33
2024/09/22 06:31:09 [notice] 1#1: worker process 28 exited with code 0
2024/09/22 06:31:09 [notice] 1#1: worker process 31 exited with code 0
2024/09/22 06:31:09 [notice] 1#1: worker process 33 exited with code 0
2024/09/22 06:31:09 [notice] 1#1: signal 29 (SIGIO) received
2024/09/22 06:31:09 [notice] 1#1: signal 17 (SIGCHLD) received from 31
2024/09/22 06:31:09 [notice] 1#1: signal 17 (SIGCHLD) received from 39
2024/09/22 06:31:09 [notice] 1#1: worker process 29 exited with code 0
2024/09/22 06:31:09 [notice] 1#1: worker process 39 exited with code 0
2024/09/22 06:31:09 [notice] 1#1: exit
2024/09/22 06:31:51 [notice] 1#1: using the "epoll" event method
2024/09/22 06:31:51 [notice] 1#1: nginx/1.27.1
2024/09/22 06:31:51 [notice] 1#1: built by gcc 12.2.0 (Debian 12.2.0-14) 
2024/09/22 06:31:51 [notice] 1#1: OS: Linux 6.6.16-linuxkit
2024/09/22 06:31:51 [notice] 1#1: getrlimit(RLIMIT_NOFILE): 1048576:1048576
2024/09/22 06:31:51 [notice] 1#1: start worker processes
2024/09/22 06:31:51 [notice] 1#1: start worker process 28
2024/09/22 06:31:51 [notice] 1#1: start worker process 29
2024/09/22 06:31:51 [notice] 1#1: start worker process 30
2024/09/22 06:31:51 [notice] 1#1: start worker process 31
2024/09/22 06:31:51 [notice] 1#1: start worker process 32
2024/09/22 06:31:51 [notice] 1#1: start worker process 33
2024/09/22 06:31:51 [notice] 1#1: start worker process 34
2024/09/22 06:31:51 [notice] 1#1: start worker process 35
2024/09/22 06:31:51 [notice] 1#1: start worker process 36
2024/09/22 06:31:51 [notice] 1#1: start worker process 37
2024/09/22 06:31:51 [notice] 1#1: start worker process 38
2024/09/22 06:31:51 [notice] 1#1: start worker process 39
2024/09/22 06:39:01 [notice] 1#1: signal 3 (SIGQUIT) received, shutting down
2024/09/22 06:39:01 [notice] 28#28: gracefully shutting down
2024/09/22 06:39:01 [notice] 29#29: gracefully shutting down
2024/09/22 06:39:01 [notice] 30#30: gracefully shutting down
2024/09/22 06:39:01 [notice] 31#31: gracefully shutting down
2024/09/22 06:39:01 [notice] 35#35: gracefully shutting down
2024/09/22 06:39:01 [notice] 31#31: exiting
2024/09/22 06:39:01 [notice] 33#33: gracefully shutting down
2024/09/22 06:39:01 [notice] 34#34: gracefully shutting down
2024/09/22 06:39:01 [notice] 37#37: gracefully shutting down
2024/09/22 06:39:01 [notice] 38#38: gracefully shutting down
2024/09/22 06:39:01 [notice] 36#36: gracefully shutting down
2024/09/22 06:39:01 [notice] 37#37: exiting
2024/09/22 06:39:01 [notice] 32#32: gracefully shutting down
2024/09/22 06:39:01 [notice] 39#39: gracefully shutting down
2024/09/22 06:39:01 [notice] 28#28: exiting
2024/09/22 06:39:01 [notice] 29#29: exiting
2024/09/22 06:39:01 [notice] 39#39: exiting
2024/09/22 06:39:01 [notice] 30#30: exiting
2024/09/22 06:39:01 [notice] 35#35: exiting
2024/09/22 06:39:01 [notice] 31#31: exit
2024/09/22 06:39:01 [notice] 33#33: exiting
2024/09/22 06:39:01 [notice] 34#34: exiting
2024/09/22 06:39:01 [notice] 38#38: exiting
2024/09/22 06:39:01 [notice] 34#34: exit
2024/09/22 06:39:01 [notice] 37#37: exit
2024/09/22 06:39:01 [notice] 36#36: exiting
2024/09/22 06:39:01 [notice] 32#32: exiting
2024/09/22 06:39:01 [notice] 28#28: exit
2024/09/22 06:39:01 [notice] 29#29: exit
2024/09/22 06:39:01 [notice] 39#39: exit
2024/09/22 06:39:01 [notice] 30#30: exit
2024/09/22 06:39:01 [notice] 35#35: exit
2024/09/22 06:39:01 [notice] 33#33: exit
2024/09/22 06:39:01 [notice] 38#38: exit
2024/09/22 06:39:01 [notice] 36#36: exit
2024/09/22 06:39:01 [notice] 32#32: exit
2024/09/22 06:39:01 [notice] 1#1: signal 17 (SIGCHLD) received from 39
2024/09/22 06:39:01 [notice] 1#1: worker process 31 exited with code 0
2024/09/22 06:39:01 [notice] 1#1: worker process 32 exited with code 0
2024/09/22 06:39:01 [notice] 1#1: worker process 36 exited with code 0
2024/09/22 06:39:01 [notice] 1#1: worker process 39 exited with code 0
2024/09/22 06:39:01 [notice] 1#1: signal 29 (SIGIO) received
2024/09/22 06:39:01 [notice] 1#1: signal 17 (SIGCHLD) received from 31
2024/09/22 06:39:01 [notice] 1#1: signal 17 (SIGCHLD) received from 33
2024/09/22 06:39:01 [notice] 1#1: worker process 28 exited with code 0
2024/09/22 06:39:01 [notice] 1#1: worker process 30 exited with code 0
2024/09/22 06:39:01 [notice] 1#1: worker process 33 exited with code 0
2024/09/22 06:39:01 [notice] 1#1: signal 29 (SIGIO) received
2024/09/22 06:39:01 [notice] 1#1: signal 17 (SIGCHLD) received from 28
2024/09/22 06:39:01 [notice] 1#1: signal 17 (SIGCHLD) received from 38
2024/09/22 06:39:01 [notice] 1#1: worker process 34 exited with code 0
2024/09/22 06:39:01 [notice] 1#1: worker process 29 exited with code 0
2024/09/22 06:39:01 [notice] 1#1: worker process 35 exited with code 0
2024/09/22 06:39:01 [notice] 1#1: worker process 37 exited with code 0
2024/09/22 06:39:01 [notice] 1#1: worker process 38 exited with code 0
2024/09/22 06:39:01 [notice] 1#1: exit
2024/09/22 06:39:29 [notice] 1#1: using the "epoll" event method
2024/09/22 06:39:29 [notice] 1#1: nginx/1.27.1
2024/09/22 06:39:29 [notice] 1#1: built by gcc 12.2.0 (Debian 12.2.0-14) 
2024/09/22 06:39:29 [notice] 1#1: OS: Linux 6.6.16-linuxkit
2024/09/22 06:39:29 [notice] 1#1: getrlimit(RLIMIT_NOFILE): 1048576:1048576
2024/09/22 06:39:29 [notice] 1#1: start worker processes
2024/09/22 06:39:29 [notice] 1#1: start worker process 28
2024/09/22 06:39:29 [notice] 1#1: start worker process 29
2024/09/22 06:39:29 [notice] 1#1: start worker process 30
2024/09/22 06:39:29 [notice] 1#1: start worker process 31
2024/09/22 06:39:29 [notice] 1#1: start worker process 32
2024/09/22 06:39:29 [notice] 1#1: start worker process 33
2024/09/22 06:39:29 [notice] 1#1: start worker process 34
2024/09/22 06:39:29 [notice] 1#1: start worker process 35
2024/09/22 06:39:29 [notice] 1#1: start worker process 36
2024/09/22 06:39:29 [notice] 1#1: start worker process 37
2024/09/22 06:39:29 [notice] 1#1: start worker process 38
2024/09/22 06:39:29 [notice] 1#1: start worker process 39
2024/09/22 06:44:51 [notice] 1#1: using the "epoll" event method
2024/09/22 06:44:51 [notice] 1#1: nginx/1.27.1
2024/09/22 06:44:51 [notice] 1#1: built by gcc 12.2.0 (Debian 12.2.0-14) 
2024/09/22 06:44:51 [notice] 1#1: OS: Linux 6.6.16-linuxkit
2024/09/22 06:44:51 [notice] 1#1: getrlimit(RLIMIT_NOFILE): 1048576:1048576
2024/09/22 06:44:51 [notice] 1#1: start worker processes
2024/09/22 06:44:51 [notice] 1#1: start worker process 28
2024/09/22 06:44:51 [notice] 1#1: start worker process 29
2024/09/22 06:44:51 [notice] 1#1: start worker process 30
2024/09/22 06:44:51 [notice] 1#1: start worker process 31
2024/09/22 06:44:51 [notice] 1#1: start worker process 32
2024/09/22 06:44:51 [notice] 1#1: start worker process 33
2024/09/22 06:44:51 [notice] 1#1: start worker process 34
2024/09/22 06:44:51 [notice] 1#1: start worker process 35
2024/09/22 06:44:51 [notice] 1#1: start worker process 36
2024/09/22 06:44:51 [notice] 1#1: start worker process 37
2024/09/22 06:44:51 [notice] 1#1: start worker process 38
2024/09/22 06:44:51 [notice] 1#1: start worker process 39
2024/09/22 06:45:12 [notice] 1#1: signal 3 (SIGQUIT) received, shutting down
2024/09/22 06:45:12 [notice] 30#30: gracefully shutting down
2024/09/22 06:45:12 [notice] 29#29: gracefully shutting down
2024/09/22 06:45:12 [notice] 29#29: exiting
2024/09/22 06:45:12 [notice] 28#28: gracefully shutting down
2024/09/22 06:45:12 [notice] 28#28: exiting
2024/09/22 06:45:12 [notice] 31#31: gracefully shutting down
2024/09/22 06:45:12 [notice] 32#32: gracefully shutting down
2024/09/22 06:45:12 [notice] 38#38: gracefully shutting down
2024/09/22 06:45:12 [notice] 39#39: gracefully shutting down
2024/09/22 06:45:12 [notice] 34#34: gracefully shutting down
2024/09/22 06:45:12 [notice] 37#37: gracefully shutting down
2024/09/22 06:45:12 [notice] 33#33: gracefully shutting down
2024/09/22 06:45:12 [notice] 36#36: gracefully shutting down
2024/09/22 06:45:12 [notice] 35#35: gracefully shutting down
2024/09/22 06:45:12 [notice] 30#30: exiting
2024/09/22 06:45:12 [notice] 29#29: exit
2024/09/22 06:45:12 [notice] 28#28: exit
2024/09/22 06:45:12 [notice] 31#31: exiting
2024/09/22 06:45:12 [notice] 32#32: exiting
2024/09/22 06:45:12 [notice] 38#38: exiting
2024/09/22 06:45:12 [notice] 39#39: exiting
2024/09/22 06:45:12 [notice] 34#34: exiting
2024/09/22 06:45:12 [notice] 37#37: exiting
2024/09/22 06:45:12 [notice] 33#33: exiting
2024/09/22 06:45:12 [notice] 36#36: exiting
2024/09/22 06:45:12 [notice] 35#35: exiting
2024/09/22 06:45:12 [notice] 30#30: exit
2024/09/22 06:45:12 [notice] 31#31: exit
2024/09/22 06:45:12 [notice] 32#32: exit
2024/09/22 06:45:12 [notice] 38#38: exit
2024/09/22 06:45:12 [notice] 39#39: exit
2024/09/22 06:45:12 [notice] 34#34: exit
2024/09/22 06:45:12 [notice] 37#37: exit
2024/09/22 06:45:12 [notice] 33#33: exit
2024/09/22 06:45:12 [notice] 36#36: exit
2024/09/22 06:45:12 [notice] 35#35: exit
2024/09/22 06:45:12 [notice] 1#1: signal 17 (SIGCHLD) received from 32
2024/09/22 06:45:12 [notice] 1#1: worker process 30 exited with code 0
2024/09/22 06:45:12 [notice] 1#1: worker process 32 exited with code 0
2024/09/22 06:45:12 [notice] 1#1: worker process 35 exited with code 0
2024/09/22 06:45:12 [notice] 1#1: worker process 39 exited with code 0
2024/09/22 06:45:12 [notice] 1#1: signal 29 (SIGIO) received
2024/09/22 06:45:12 [notice] 1#1: signal 17 (SIGCHLD) received from 30
2024/09/22 06:45:12 [notice] 1#1: signal 17 (SIGCHLD) received from 36
2024/09/22 06:45:12 [notice] 1#1: worker process 28 exited with code 0
2024/09/22 06:45:12 [notice] 1#1: worker process 29 exited with code 0
2024/09/22 06:45:12 [notice] 1#1: worker process 33 exited with code 0
2024/09/22 06:45:12 [notice] 1#1: worker process 34 exited with code 0
2024/09/22 06:45:12 [notice] 1#1: worker process 36 exited with code 0
2024/09/22 06:45:12 [notice] 1#1: worker process 37 exited with code 0
2024/09/22 06:45:12 [notice] 1#1: worker process 38 exited with code 0
2024/09/22 06:45:12 [notice] 1#1: signal 29 (SIGIO) received
2024/09/22 06:45:12 [notice] 1#1: signal 17 (SIGCHLD) received from 37
2024/09/22 06:45:12 [notice] 1#1: signal 17 (SIGCHLD) received from 31
2024/09/22 06:45:12 [notice] 1#1: worker process 31 exited with code 0
2024/09/22 06:45:12 [notice] 1#1: exit
2024/09/22 06:45:46 [notice] 1#1: using the "epoll" event method
2024/09/22 06:45:46 [notice] 1#1: nginx/1.27.1
2024/09/22 06:45:46 [notice] 1#1: built by gcc 12.2.0 (Debian 12.2.0-14) 
2024/09/22 06:45:46 [notice] 1#1: OS: Linux 6.6.16-linuxkit
2024/09/22 06:45:46 [notice] 1#1: getrlimit(RLIMIT_NOFILE): 1048576:1048576
2024/09/22 06:45:46 [notice] 1#1: start worker processes
2024/09/22 06:45:46 [notice] 1#1: start worker process 28
2024/09/22 06:45:46 [notice] 1#1: start worker process 29
2024/09/22 06:45:46 [notice] 1#1: start worker process 30
2024/09/22 06:45:46 [notice] 1#1: start worker process 31
2024/09/22 06:45:46 [notice] 1#1: start worker process 32
2024/09/22 06:45:46 [notice] 1#1: start worker process 33
2024/09/22 06:45:46 [notice] 1#1: start worker process 34
2024/09/22 06:45:46 [notice] 1#1: start worker process 35
2024/09/22 06:45:46 [notice] 1#1: start worker process 36
2024/09/22 06:45:46 [notice] 1#1: start worker process 37
2024/09/22 06:45:46 [notice] 1#1: start worker process 38
2024/09/22 06:45:46 [notice] 1#1: start worker process 39
2024/09/22 06:52:11 [notice] 1#1: signal 3 (SIGQUIT) received, shutting down
2024/09/22 06:52:11 [notice] 29#29: gracefully shutting down
2024/09/22 06:52:11 [notice] 38#38: gracefully shutting down
2024/09/22 06:52:11 [notice] 28#28: gracefully shutting down
2024/09/22 06:52:11 [notice] 31#31: gracefully shutting down
2024/09/22 06:52:11 [notice] 33#33: gracefully shutting down
2024/09/22 06:52:11 [notice] 32#32: gracefully shutting down
2024/09/22 06:52:11 [notice] 30#30: gracefully shutting down
2024/09/22 06:52:11 [notice] 33#33: exiting
2024/09/22 06:52:11 [notice] 35#35: gracefully shutting down
2024/09/22 06:52:11 [notice] 36#36: gracefully shutting down
2024/09/22 06:52:11 [notice] 39#39: gracefully shutting down
2024/09/22 06:52:11 [notice] 35#35: exiting
2024/09/22 06:52:11 [notice] 37#37: gracefully shutting down
2024/09/22 06:52:11 [notice] 34#34: gracefully shutting down
2024/09/22 06:52:11 [notice] 29#29: exiting
2024/09/22 06:52:11 [notice] 34#34: exiting
2024/09/22 06:52:11 [notice] 38#38: exiting
2024/09/22 06:52:11 [notice] 28#28: exiting
2024/09/22 06:52:11 [notice] 38#38: exit
2024/09/22 06:52:11 [notice] 31#31: exiting
2024/09/22 06:52:11 [notice] 32#32: exiting
2024/09/22 06:52:11 [notice] 30#30: exiting
2024/09/22 06:52:11 [notice] 33#33: exit
2024/09/22 06:52:11 [notice] 36#36: exiting
2024/09/22 06:52:11 [notice] 39#39: exiting
2024/09/22 06:52:11 [notice] 35#35: exit
2024/09/22 06:52:11 [notice] 37#37: exiting
2024/09/22 06:52:11 [notice] 29#29: exit
2024/09/22 06:52:11 [notice] 34#34: exit
2024/09/22 06:52:11 [notice] 28#28: exit
2024/09/22 06:52:11 [notice] 31#31: exit
2024/09/22 06:52:11 [notice] 32#32: exit
2024/09/22 06:52:11 [notice] 30#30: exit
2024/09/22 06:52:11 [notice] 36#36: exit
2024/09/22 06:52:11 [notice] 39#39: exit
2024/09/22 06:52:11 [notice] 37#37: exit
2024/09/22 06:52:11 [notice] 1#1: signal 17 (SIGCHLD) received from 34
2024/09/22 06:52:11 [notice] 1#1: worker process 30 exited with code 0
2024/09/22 06:52:11 [notice] 1#1: worker process 28 exited with code 0
2024/09/22 06:52:11 [notice] 1#1: worker process 29 exited with code 0
2024/09/22 06:52:11 [notice] 1#1: worker process 31 exited with code 0
2024/09/22 06:52:11 [notice] 1#1: worker process 32 exited with code 0
2024/09/22 06:52:11 [notice] 1#1: worker process 33 exited with code 0
2024/09/22 06:52:11 [notice] 1#1: worker process 34 exited with code 0
2024/09/22 06:52:11 [notice] 1#1: worker process 35 exited with code 0
2024/09/22 06:52:11 [notice] 1#1: worker process 38 exited with code 0
2024/09/22 06:52:11 [notice] 1#1: signal 29 (SIGIO) received
2024/09/22 06:52:11 [notice] 1#1: signal 17 (SIGCHLD) received from 31
2024/09/22 06:52:11 [notice] 1#1: signal 17 (SIGCHLD) received from 39
2024/09/22 06:52:11 [notice] 1#1: worker process 39 exited with code 0
2024/09/22 06:52:11 [notice] 1#1: signal 29 (SIGIO) received
2024/09/22 06:52:11 [notice] 1#1: signal 17 (SIGCHLD) received from 37
2024/09/22 06:52:11 [notice] 1#1: worker process 36 exited with code 0
2024/09/22 06:52:11 [notice] 1#1: worker process 37 exited with code 0
2024/09/22 06:52:11 [notice] 1#1: exit
2024/09/22 06:58:39 [notice] 1#1: using the "epoll" event method
2024/09/22 06:58:39 [notice] 1#1: nginx/1.27.1
2024/09/22 06:58:39 [notice] 1#1: built by gcc 12.2.0 (Debian 12.2.0-14) 
2024/09/22 06:58:39 [notice] 1#1: OS: Linux 6.6.16-linuxkit
2024/09/22 06:58:39 [notice] 1#1: getrlimit(RLIMIT_NOFILE): 1048576:1048576
2024/09/22 06:58:39 [notice] 1#1: start worker processes
2024/09/22 06:58:39 [notice] 1#1: start worker process 28
2024/09/22 06:58:39 [notice] 1#1: start worker process 29
2024/09/22 06:58:39 [notice] 1#1: start worker process 30
2024/09/22 06:58:39 [notice] 1#1: start worker process 31
2024/09/22 06:58:39 [notice] 1#1: start worker process 32
2024/09/22 06:58:39 [notice] 1#1: start worker process 33
2024/09/22 06:58:39 [notice] 1#1: start worker process 34
2024/09/22 06:58:39 [notice] 1#1: start worker process 35
2024/09/22 06:58:39 [notice] 1#1: start worker process 36
2024/09/22 06:58:39 [notice] 1#1: start worker process 37
2024/09/22 06:58:39 [notice] 1#1: start worker process 38
2024/09/22 06:58:39 [notice] 1#1: start worker process 39
2024/09/22 07:09:26 [error] 29#29: *147 open() "/usr/share/nginx/html/favicon.ico" failed (2: No such file or directory), client: 192.168.65.1, server: localhost, request: "GET /favicon.ico HTTP/1.1", host: "127.0.0.1:18087", referrer: "http://127.0.0.1:18087/index.php"
2024/09/22 07:10:53 [notice] 1#1: signal 3 (SIGQUIT) received, shutting down
2024/09/22 07:10:53 [notice] 29#29: gracefully shutting down
2024/09/22 07:10:53 [notice] 30#30: gracefully shutting down
2024/09/22 07:10:53 [notice] 28#28: gracefully shutting down
2024/09/22 07:10:53 [notice] 35#35: gracefully shutting down
2024/09/22 07:10:53 [notice] 33#33: gracefully shutting down
2024/09/22 07:10:53 [notice] 31#31: gracefully shutting down
2024/09/22 07:10:53 [notice] 37#37: gracefully shutting down
2024/09/22 07:10:53 [notice] 34#34: gracefully shutting down
2024/09/22 07:10:53 [notice] 38#38: gracefully shutting down
2024/09/22 07:10:53 [notice] 32#32: gracefully shutting down
2024/09/22 07:10:53 [notice] 36#36: gracefully shutting down
2024/09/22 07:10:53 [notice] 39#39: gracefully shutting down
2024/09/22 07:10:53 [notice] 29#29: exiting
2024/09/22 07:10:53 [notice] 39#39: exiting
2024/09/22 07:10:53 [notice] 30#30: exiting
2024/09/22 07:10:53 [notice] 28#28: exiting
2024/09/22 07:10:53 [notice] 35#35: exiting
2024/09/22 07:10:53 [notice] 28#28: exit
2024/09/22 07:10:53 [notice] 33#33: exiting
2024/09/22 07:10:53 [notice] 31#31: exiting
2024/09/22 07:10:53 [notice] 37#37: exiting
2024/09/22 07:10:53 [notice] 34#34: exiting
2024/09/22 07:10:53 [notice] 38#38: exiting
2024/09/22 07:10:53 [notice] 32#32: exiting
2024/09/22 07:10:53 [notice] 36#36: exiting
2024/09/22 07:10:53 [notice] 29#29: exit
2024/09/22 07:10:53 [notice] 39#39: exit
2024/09/22 07:10:53 [notice] 30#30: exit
2024/09/22 07:10:53 [notice] 35#35: exit
2024/09/22 07:10:53 [notice] 33#33: exit
2024/09/22 07:10:53 [notice] 31#31: exit
2024/09/22 07:10:53 [notice] 37#37: exit
2024/09/22 07:10:53 [notice] 34#34: exit
2024/09/22 07:10:53 [notice] 38#38: exit
2024/09/22 07:10:53 [notice] 32#32: exit
2024/09/22 07:10:53 [notice] 36#36: exit
2024/09/22 07:10:53 [notice] 1#1: signal 17 (SIGCHLD) received from 28
2024/09/22 07:10:53 [notice] 1#1: worker process 28 exited with code 0
2024/09/22 07:10:53 [notice] 1#1: worker process 30 exited with code 0
2024/09/22 07:10:53 [notice] 1#1: worker process 37 exited with code 0
2024/09/22 07:10:53 [notice] 1#1: signal 29 (SIGIO) received
2024/09/22 07:10:53 [notice] 1#1: signal 17 (SIGCHLD) received from 30
2024/09/22 07:10:53 [notice] 1#1: signal 17 (SIGCHLD) received from 34
2024/09/22 07:10:53 [notice] 1#1: worker process 33 exited with code 0
2024/09/22 07:10:53 [notice] 1#1: worker process 29 exited with code 0
2024/09/22 07:10:53 [notice] 1#1: worker process 34 exited with code 0
2024/09/22 07:10:53 [notice] 1#1: worker process 35 exited with code 0
2024/09/22 07:10:53 [notice] 1#1: worker process 39 exited with code 0
2024/09/22 07:10:53 [notice] 1#1: signal 29 (SIGIO) received
2024/09/22 07:10:53 [notice] 1#1: signal 17 (SIGCHLD) received from 39
2024/09/22 07:10:53 [notice] 1#1: signal 17 (SIGCHLD) received from 31
2024/09/22 07:10:53 [notice] 1#1: worker process 31 exited with code 0
2024/09/22 07:10:53 [notice] 1#1: signal 29 (SIGIO) received
2024/09/22 07:10:53 [notice] 1#1: signal 17 (SIGCHLD) received from 38
2024/09/22 07:10:53 [notice] 1#1: worker process 32 exited with code 0
2024/09/22 07:10:53 [notice] 1#1: worker process 38 exited with code 0
2024/09/22 07:10:53 [notice] 1#1: signal 29 (SIGIO) received
2024/09/22 07:10:53 [notice] 1#1: signal 17 (SIGCHLD) received from 32
2024/09/22 07:10:53 [notice] 1#1: signal 17 (SIGCHLD) received from 36
2024/09/22 07:10:53 [notice] 1#1: worker process 36 exited with code 0
2024/09/22 07:10:53 [notice] 1#1: exit
2024/09/22 10:27:18 [notice] 1#1: using the "epoll" event method
2024/09/22 10:27:18 [notice] 1#1: nginx/1.27.1
2024/09/22 10:27:18 [notice] 1#1: built by gcc 12.2.0 (Debian 12.2.0-14) 
2024/09/22 10:27:18 [notice] 1#1: OS: Linux 6.6.16-linuxkit
2024/09/22 10:27:18 [notice] 1#1: getrlimit(RLIMIT_NOFILE): 1048576:1048576
2024/09/22 10:27:18 [notice] 1#1: start worker processes
2024/09/22 10:27:18 [notice] 1#1: start worker process 28
2024/09/22 10:27:18 [notice] 1#1: start worker process 29
2024/09/22 10:27:18 [notice] 1#1: start worker process 30
2024/09/22 10:27:18 [notice] 1#1: start worker process 31
2024/09/22 10:27:18 [notice] 1#1: start worker process 32
2024/09/22 10:27:18 [notice] 1#1: start worker process 33
2024/09/22 10:27:18 [notice] 1#1: start worker process 34
2024/09/22 10:27:18 [notice] 1#1: start worker process 35
2024/09/22 10:27:18 [notice] 1#1: start worker process 36
2024/09/22 10:27:18 [notice] 1#1: start worker process 37
2024/09/22 10:27:18 [notice] 1#1: start worker process 38
2024/09/22 10:27:18 [notice] 1#1: start worker process 39
2024/09/22 10:32:33 [notice] 1#1: using the "epoll" event method
2024/09/22 10:32:33 [notice] 1#1: nginx/1.27.1
2024/09/22 10:32:33 [notice] 1#1: built by gcc 12.2.0 (Debian 12.2.0-14) 
2024/09/22 10:32:33 [notice] 1#1: OS: Linux 6.6.16-linuxkit
2024/09/22 10:32:33 [notice] 1#1: getrlimit(RLIMIT_NOFILE): 1048576:1048576
2024/09/22 10:32:33 [notice] 1#1: start worker processes
2024/09/22 10:32:33 [notice] 1#1: start worker process 28
2024/09/22 10:32:33 [notice] 1#1: start worker process 29
2024/09/22 10:32:33 [notice] 1#1: start worker process 30
2024/09/22 10:32:33 [notice] 1#1: start worker process 31
2024/09/22 10:32:33 [notice] 1#1: start worker process 32
2024/09/22 10:32:33 [notice] 1#1: start worker process 33
2024/09/22 10:32:33 [notice] 1#1: start worker process 34
2024/09/22 10:32:33 [notice] 1#1: start worker process 35
2024/09/22 10:32:33 [notice] 1#1: start worker process 36
2024/09/22 10:32:33 [notice] 1#1: start worker process 37
2024/09/22 10:32:33 [notice] 1#1: start worker process 38
2024/09/22 10:32:33 [notice] 1#1: start worker process 39
2024/09/22 10:34:56 [error] 30#30: *10 open() "/usr/share/nginx/html/favicon.ico" failed (2: No such file or directory), client: 192.168.65.1, server: localhost, request: "GET /favicon.ico HTTP/1.1", host: "192.168.31.128:18087", referrer: "http://192.168.31.128:18087/"
2024/09/22 11:57:15 [error] 28#28: *131 open() "/usr/share/nginx/html/favicon.ico" failed (2: No such file or directory), client: 192.168.65.1, server: localhost, request: "GET /favicon.ico HTTP/1.1", host: "192.168.31.128:18087", referrer: "http://192.168.31.128:18087/"
2024/09/22 11:57:16 [error] 28#28: *131 open() "/usr/share/nginx/html/favicon.ico" failed (2: No such file or directory), client: 192.168.65.1, server: localhost, request: "GET /favicon.ico HTTP/1.1", host: "192.168.31.128:18087", referrer: "http://192.168.31.128:18087/"
2024/09/22 11:57:23 [error] 28#28: *252 open() "/usr/share/nginx/html/favicon.ico" failed (2: No such file or directory), client: 192.168.65.1, server: localhost, request: "GET /favicon.ico HTTP/1.1", host: "127.0.0.1:18087", referrer: "http://127.0.0.1:18087/"
2024/09/22 12:06:11 [notice] 1#1: using the "epoll" event method
2024/09/22 12:06:11 [notice] 1#1: nginx/1.27.1
2024/09/22 12:06:11 [notice] 1#1: built by gcc 12.2.0 (Debian 12.2.0-14) 
2024/09/22 12:06:11 [notice] 1#1: OS: Linux 6.6.16-linuxkit
2024/09/22 12:06:11 [notice] 1#1: getrlimit(RLIMIT_NOFILE): 1048576:1048576
2024/09/22 12:06:11 [notice] 1#1: start worker processes
2024/09/22 12:06:11 [notice] 1#1: start worker process 28
2024/09/22 12:06:11 [notice] 1#1: start worker process 29
2024/09/22 12:06:11 [notice] 1#1: start worker process 30
2024/09/22 12:06:11 [notice] 1#1: start worker process 31
2024/09/22 12:06:11 [notice] 1#1: start worker process 32
2024/09/22 12:06:11 [notice] 1#1: start worker process 33
2024/09/22 12:06:11 [notice] 1#1: start worker process 34
2024/09/22 12:06:11 [notice] 1#1: start worker process 35
2024/09/22 12:06:11 [notice] 1#1: start worker process 36
2024/09/22 12:06:11 [notice] 1#1: start worker process 37
2024/09/22 12:06:11 [notice] 1#1: start worker process 38
2024/09/22 12:06:11 [notice] 1#1: start worker process 39
2024/09/22 12:07:17 [error] 28#28: *1 open() "/usr/share/nginx/html/favicon.ico" failed (2: No such file or directory), client: 192.168.65.1, server: localhost, request: "GET /favicon.ico HTTP/1.1", host: "127.0.0.1:18087", referrer: "http://127.0.0.1:18087/"
2024/09/22 12:07:18 [error] 28#28: *1 open() "/usr/share/nginx/html/favicon.ico" failed (2: No such file or directory), client: 192.168.65.1, server: localhost, request: "GET /favicon.ico HTTP/1.1", host: "127.0.0.1:18087", referrer: "http://127.0.0.1:18087/"
2024/09/22 12:09:14 [emerg] 1#1: host not found in upstream "php-fpm" in /etc/nginx/conf.d/default.conf:17
2024/09/22 12:09:37 [emerg] 1#1: host not found in upstream "php-fpm" in /etc/nginx/conf.d/default.conf:17
2024/09/22 12:10:17 [emerg] 1#1: host not found in upstream "php-fpm" in /etc/nginx/conf.d/default.conf:17
2024/09/22 12:10:26 [emerg] 1#1: host not found in upstream "php-fpm" in /etc/nginx/conf.d/default.conf:17
2024/09/22 12:10:41 [emerg] 1#1: host not found in upstream "php-fpm" in /etc/nginx/conf.d/default.conf:17
2024/09/22 12:10:56 [notice] 1#1: using the "epoll" event method
2024/09/22 12:10:56 [notice] 1#1: nginx/1.27.1
2024/09/22 12:10:56 [notice] 1#1: built by gcc 12.2.0 (Debian 12.2.0-14) 
2024/09/22 12:10:56 [notice] 1#1: OS: Linux 6.6.16-linuxkit
2024/09/22 12:10:56 [notice] 1#1: getrlimit(RLIMIT_NOFILE): 1048576:1048576
2024/09/22 12:10:56 [notice] 1#1: start worker processes
2024/09/22 12:10:56 [notice] 1#1: start worker process 27
2024/09/22 12:10:56 [notice] 1#1: start worker process 28
2024/09/22 12:10:56 [notice] 1#1: start worker process 29
2024/09/22 12:10:56 [notice] 1#1: start worker process 30
2024/09/22 12:10:56 [notice] 1#1: start worker process 31
2024/09/22 12:10:56 [notice] 1#1: start worker process 32
2024/09/22 12:10:56 [notice] 1#1: start worker process 33
2024/09/22 12:10:56 [notice] 1#1: start worker process 34
2024/09/22 12:10:56 [notice] 1#1: start worker process 35
2024/09/22 12:10:56 [notice] 1#1: start worker process 36
2024/09/22 12:10:56 [notice] 1#1: start worker process 37
2024/09/22 12:10:56 [notice] 1#1: start worker process 38
2024/09/22 12:15:27 [error] 32#32: *13 open() "/usr/share/nginx/html/favicon.ico" failed (2: No such file or directory), client: 192.168.65.1, server: localhost, request: "GET /favicon.ico HTTP/1.1", host: "127.0.0.1:18087", referrer: "http://127.0.0.1:18087/"
2024/09/22 12:15:28 [error] 32#32: *13 open() "/usr/share/nginx/html/favicon.ico" failed (2: No such file or directory), client: 192.168.65.1, server: localhost, request: "GET /favicon.ico HTTP/1.1", host: "127.0.0.1:18087", referrer: "http://127.0.0.1:18087/"
2024/09/22 12:26:33 [notice] 1#1: using the "epoll" event method
2024/09/22 12:26:33 [notice] 1#1: nginx/1.27.1
2024/09/22 12:26:33 [notice] 1#1: built by gcc 12.2.0 (Debian 12.2.0-14) 
2024/09/22 12:26:33 [notice] 1#1: OS: Linux 6.6.16-linuxkit
2024/09/22 12:26:33 [notice] 1#1: getrlimit(RLIMIT_NOFILE): 1048576:1048576
2024/09/22 12:26:33 [notice] 1#1: start worker processes
2024/09/22 12:26:33 [notice] 1#1: start worker process 28
2024/09/22 12:26:33 [notice] 1#1: start worker process 29
2024/09/22 12:26:33 [notice] 1#1: start worker process 30
2024/09/22 12:26:33 [notice] 1#1: start worker process 31
2024/09/22 12:26:33 [notice] 1#1: start worker process 32
2024/09/22 12:26:33 [notice] 1#1: start worker process 33
2024/09/22 12:26:33 [notice] 1#1: start worker process 34
2024/09/22 12:26:33 [notice] 1#1: start worker process 35
2024/09/22 12:26:33 [notice] 1#1: start worker process 36
2024/09/22 12:26:33 [notice] 1#1: start worker process 37
2024/09/22 12:26:33 [notice] 1#1: start worker process 38
2024/09/22 12:26:33 [notice] 1#1: start worker process 39
2024/09/22 12:29:14 [notice] 1#1: using the "epoll" event method
2024/09/22 12:29:14 [notice] 1#1: nginx/1.27.1
2024/09/22 12:29:14 [notice] 1#1: built by gcc 12.2.0 (Debian 12.2.0-14) 
2024/09/22 12:29:14 [notice] 1#1: OS: Linux 6.6.16-linuxkit
2024/09/22 12:29:14 [notice] 1#1: getrlimit(RLIMIT_NOFILE): 1048576:1048576
2024/09/22 12:29:14 [notice] 1#1: start worker processes
2024/09/22 12:29:14 [notice] 1#1: start worker process 27
2024/09/22 12:29:14 [notice] 1#1: start worker process 28
2024/09/22 12:29:14 [notice] 1#1: start worker process 29
2024/09/22 12:29:14 [notice] 1#1: start worker process 30
2024/09/22 12:29:14 [notice] 1#1: start worker process 31
2024/09/22 12:29:14 [notice] 1#1: start worker process 32
2024/09/22 12:29:14 [notice] 1#1: start worker process 33
2024/09/22 12:29:14 [notice] 1#1: start worker process 34
2024/09/22 12:29:14 [notice] 1#1: start worker process 35
2024/09/22 12:29:14 [notice] 1#1: start worker process 36
2024/09/22 12:29:14 [notice] 1#1: start worker process 37
2024/09/22 12:29:14 [notice] 1#1: start worker process 38
2024/09/22 12:29:31 [notice] 1#1: signal 3 (SIGQUIT) received, shutting down
2024/09/22 12:29:31 [notice] 27#27: gracefully shutting down
2024/09/22 12:29:31 [notice] 28#28: gracefully shutting down
2024/09/22 12:29:31 [notice] 31#31: gracefully shutting down
2024/09/22 12:29:31 [notice] 37#37: gracefully shutting down
2024/09/22 12:29:31 [notice] 33#33: gracefully shutting down
2024/09/22 12:29:31 [notice] 29#29: gracefully shutting down
2024/09/22 12:29:31 [notice] 34#34: gracefully shutting down
2024/09/22 12:29:31 [notice] 32#32: gracefully shutting down
2024/09/22 12:29:31 [notice] 36#36: gracefully shutting down
2024/09/22 12:29:31 [notice] 38#38: gracefully shutting down
2024/09/22 12:29:31 [notice] 35#35: gracefully shutting down
2024/09/22 12:29:31 [notice] 30#30: gracefully shutting down
2024/09/22 12:29:31 [notice] 28#28: exiting
2024/09/22 12:29:31 [notice] 31#31: exiting
2024/09/22 12:29:31 [notice] 37#37: exiting
2024/09/22 12:29:31 [notice] 33#33: exiting
2024/09/22 12:29:31 [notice] 29#29: exiting
2024/09/22 12:29:31 [notice] 34#34: exiting
2024/09/22 12:29:31 [notice] 32#32: exiting
2024/09/22 12:29:31 [notice] 36#36: exiting
2024/09/22 12:29:31 [notice] 38#38: exiting
2024/09/22 12:29:31 [notice] 35#35: exiting
2024/09/22 12:29:31 [notice] 30#30: exiting
2024/09/22 12:29:31 [notice] 28#28: exit
2024/09/22 12:29:31 [notice] 31#31: exit
2024/09/22 12:29:31 [notice] 37#37: exit
2024/09/22 12:29:31 [notice] 33#33: exit
2024/09/22 12:29:31 [notice] 29#29: exit
2024/09/22 12:29:31 [notice] 34#34: exit
2024/09/22 12:29:31 [notice] 32#32: exit
2024/09/22 12:29:31 [notice] 36#36: exit
2024/09/22 12:29:31 [notice] 38#38: exit
2024/09/22 12:29:31 [notice] 35#35: exit
2024/09/22 12:29:31 [notice] 30#30: exit
2024/09/22 12:29:31 [notice] 1#1: signal 17 (SIGCHLD) received from 37
2024/09/22 12:29:31 [notice] 1#1: worker process 28 exited with code 0
2024/09/22 12:29:31 [notice] 1#1: worker process 31 exited with code 0
2024/09/22 12:29:31 [notice] 1#1: worker process 33 exited with code 0
2024/09/22 12:29:31 [notice] 1#1: worker process 37 exited with code 0
2024/09/22 12:29:31 [notice] 1#1: signal 29 (SIGIO) received
2024/09/22 12:29:31 [notice] 1#1: signal 17 (SIGCHLD) received from 31
2024/09/22 12:29:31 [notice] 1#1: signal 17 (SIGCHLD) received from 36
2024/09/22 12:29:31 [notice] 1#1: worker process 29 exited with code 0
2024/09/22 12:29:31 [notice] 1#1: worker process 30 exited with code 0
2024/09/22 12:29:31 [notice] 1#1: worker process 32 exited with code 0
2024/09/22 12:29:31 [notice] 1#1: worker process 34 exited with code 0
2024/09/22 12:29:31 [notice] 1#1: worker process 35 exited with code 0
2024/09/22 12:29:31 [notice] 1#1: worker process 36 exited with code 0
2024/09/22 12:29:31 [notice] 1#1: worker process 38 exited with code 0
2024/09/22 12:29:31 [notice] 1#1: signal 29 (SIGIO) received
2024/09/22 12:29:31 [notice] 1#1: signal 17 (SIGCHLD) received from 34
2024/09/22 12:29:33 [notice] 1#1: signal 3 (SIGQUIT) received, shutting down
2024/09/22 12:29:48 [notice] 1#1: using the "epoll" event method
2024/09/22 12:29:48 [notice] 1#1: nginx/1.27.1
2024/09/22 12:29:48 [notice] 1#1: built by gcc 12.2.0 (Debian 12.2.0-14) 
2024/09/22 12:29:48 [notice] 1#1: OS: Linux 6.6.16-linuxkit
2024/09/22 12:29:48 [notice] 1#1: getrlimit(RLIMIT_NOFILE): 1048576:1048576
2024/09/22 12:29:48 [notice] 1#1: start worker processes
2024/09/22 12:29:48 [notice] 1#1: start worker process 28
2024/09/22 12:29:48 [notice] 1#1: start worker process 29
2024/09/22 12:29:48 [notice] 1#1: start worker process 30
2024/09/22 12:29:48 [notice] 1#1: start worker process 31
2024/09/22 12:29:48 [notice] 1#1: start worker process 32
2024/09/22 12:29:48 [notice] 1#1: start worker process 33
2024/09/22 12:29:48 [notice] 1#1: start worker process 34
2024/09/22 12:29:48 [notice] 1#1: start worker process 35
2024/09/22 12:29:48 [notice] 1#1: start worker process 36
2024/09/22 12:29:48 [notice] 1#1: start worker process 37
2024/09/22 12:29:48 [notice] 1#1: start worker process 38
2024/09/22 12:29:48 [notice] 1#1: start worker process 39
2024/09/22 15:58:14 [notice] 1#1: using the "epoll" event method
2024/09/22 15:58:14 [notice] 1#1: nginx/1.27.1
2024/09/22 15:58:14 [notice] 1#1: built by gcc 12.2.0 (Debian 12.2.0-14) 
2024/09/22 15:58:14 [notice] 1#1: OS: Linux 6.6.16-linuxkit
2024/09/22 15:58:14 [notice] 1#1: getrlimit(RLIMIT_NOFILE): 1048576:1048576
2024/09/22 15:58:14 [notice] 1#1: start worker processes
2024/09/22 15:58:14 [notice] 1#1: start worker process 28
2024/09/22 15:58:14 [notice] 1#1: start worker process 29
2024/09/22 15:58:14 [notice] 1#1: start worker process 30
2024/09/22 15:58:14 [notice] 1#1: start worker process 31
2024/09/22 15:58:14 [notice] 1#1: start worker process 32
2024/09/22 15:58:14 [notice] 1#1: start worker process 33
2024/09/22 15:58:14 [notice] 1#1: start worker process 34
2024/09/22 15:58:14 [notice] 1#1: start worker process 35
2024/09/22 15:58:14 [notice] 1#1: start worker process 36
2024/09/22 15:58:14 [notice] 1#1: start worker process 37
2024/09/22 15:58:14 [notice] 1#1: start worker process 38
2024/09/22 15:58:14 [notice] 1#1: start worker process 39
2024/09/22 16:00:36 [notice] 1#1: using the "epoll" event method
2024/09/22 16:00:36 [notice] 1#1: nginx/1.27.1
2024/09/22 16:00:36 [notice] 1#1: built by gcc 12.2.0 (Debian 12.2.0-14) 
2024/09/22 16:00:36 [notice] 1#1: OS: Linux 6.6.16-linuxkit
2024/09/22 16:00:36 [notice] 1#1: getrlimit(RLIMIT_NOFILE): 1048576:1048576
2024/09/22 16:00:36 [notice] 1#1: start worker processes
2024/09/22 16:00:36 [notice] 1#1: start worker process 28
2024/09/22 16:00:36 [notice] 1#1: start worker process 29
2024/09/22 16:00:36 [notice] 1#1: start worker process 30
2024/09/22 16:00:36 [notice] 1#1: start worker process 31
2024/09/22 16:00:36 [notice] 1#1: start worker process 32
2024/09/22 16:00:36 [notice] 1#1: start worker process 33
2024/09/22 16:00:36 [notice] 1#1: start worker process 34
2024/09/22 16:00:36 [notice] 1#1: start worker process 35
2024/09/22 16:00:36 [notice] 1#1: start worker process 36
2024/09/22 16:00:36 [notice] 1#1: start worker process 37
2024/09/22 16:00:36 [notice] 1#1: start worker process 38
2024/09/22 16:00:36 [notice] 1#1: start worker process 39
2024/09/22 16:03:22 [notice] 1#1: using the "epoll" event method
2024/09/22 16:03:22 [notice] 1#1: nginx/1.27.1
2024/09/22 16:03:22 [notice] 1#1: built by gcc 12.2.0 (Debian 12.2.0-14) 
2024/09/22 16:03:22 [notice] 1#1: OS: Linux 6.6.16-linuxkit
2024/09/22 16:03:22 [notice] 1#1: getrlimit(RLIMIT_NOFILE): 1048576:1048576
2024/09/22 16:03:22 [notice] 1#1: start worker processes
2024/09/22 16:03:22 [notice] 1#1: start worker process 28
2024/09/22 16:03:22 [notice] 1#1: start worker process 29
2024/09/22 16:03:22 [notice] 1#1: start worker process 30
2024/09/22 16:03:22 [notice] 1#1: start worker process 31
2024/09/22 16:03:22 [notice] 1#1: start worker process 32
2024/09/22 16:03:22 [notice] 1#1: start worker process 33
2024/09/22 16:03:22 [notice] 1#1: start worker process 34
2024/09/22 16:03:22 [notice] 1#1: start worker process 35
2024/09/22 16:03:22 [notice] 1#1: start worker process 36
2024/09/22 16:03:22 [notice] 1#1: start worker process 37
2024/09/22 16:03:22 [notice] 1#1: start worker process 38
2024/09/22 16:03:22 [notice] 1#1: start worker process 39
2024/09/22 16:09:21 [notice] 1#1: using the "epoll" event method
2024/09/22 16:09:21 [notice] 1#1: nginx/1.27.1
2024/09/22 16:09:21 [notice] 1#1: built by gcc 12.2.0 (Debian 12.2.0-14) 
2024/09/22 16:09:21 [notice] 1#1: OS: Linux 6.6.16-linuxkit
2024/09/22 16:09:21 [notice] 1#1: getrlimit(RLIMIT_NOFILE): 1048576:1048576
2024/09/22 16:09:21 [notice] 1#1: start worker processes
2024/09/22 16:09:21 [notice] 1#1: start worker process 28
2024/09/22 16:09:21 [notice] 1#1: start worker process 29
2024/09/22 16:09:21 [notice] 1#1: start worker process 30
2024/09/22 16:09:21 [notice] 1#1: start worker process 31
2024/09/22 16:09:21 [notice] 1#1: start worker process 32
2024/09/22 16:09:21 [notice] 1#1: start worker process 33
2024/09/22 16:09:21 [notice] 1#1: start worker process 34
2024/09/22 16:09:21 [notice] 1#1: start worker process 35
2024/09/22 16:09:21 [notice] 1#1: start worker process 36
2024/09/22 16:09:21 [notice] 1#1: start worker process 37
2024/09/22 16:09:21 [notice] 1#1: start worker process 38
2024/09/22 16:09:21 [notice] 1#1: start worker process 39
2024/09/22 16:16:19 [notice] 1#1: using the "epoll" event method
2024/09/22 16:16:19 [notice] 1#1: nginx/1.27.1
2024/09/22 16:16:19 [notice] 1#1: built by gcc 12.2.0 (Debian 12.2.0-14) 
2024/09/22 16:16:19 [notice] 1#1: OS: Linux 6.6.16-linuxkit
2024/09/22 16:16:19 [notice] 1#1: getrlimit(RLIMIT_NOFILE): 1048576:1048576
2024/09/22 16:16:19 [notice] 1#1: start worker processes
2024/09/22 16:16:19 [notice] 1#1: start worker process 28
2024/09/22 16:16:19 [notice] 1#1: start worker process 29
2024/09/22 16:16:19 [notice] 1#1: start worker process 30
2024/09/22 16:16:19 [notice] 1#1: start worker process 31
2024/09/22 16:16:19 [notice] 1#1: start worker process 32
2024/09/22 16:16:19 [notice] 1#1: start worker process 33
2024/09/22 16:16:19 [notice] 1#1: start worker process 34
2024/09/22 16:16:19 [notice] 1#1: start worker process 35
2024/09/22 16:16:19 [notice] 1#1: start worker process 36
2024/09/22 16:16:19 [notice] 1#1: start worker process 37
2024/09/22 16:16:19 [notice] 1#1: start worker process 38
2024/09/22 16:16:19 [notice] 1#1: start worker process 39
2024/09/22 16:21:30 [notice] 1#1: using the "epoll" event method
2024/09/22 16:21:30 [notice] 1#1: nginx/1.27.1
2024/09/22 16:21:30 [notice] 1#1: built by gcc 12.2.0 (Debian 12.2.0-14) 
2024/09/22 16:21:30 [notice] 1#1: OS: Linux 6.6.16-linuxkit
2024/09/22 16:21:30 [notice] 1#1: getrlimit(RLIMIT_NOFILE): 1048576:1048576
2024/09/22 16:21:30 [notice] 1#1: start worker processes
2024/09/22 16:21:30 [notice] 1#1: start worker process 28
2024/09/22 16:21:30 [notice] 1#1: start worker process 29
2024/09/22 16:21:30 [notice] 1#1: start worker process 30
2024/09/22 16:21:30 [notice] 1#1: start worker process 31
2024/09/22 16:21:30 [notice] 1#1: start worker process 32
2024/09/22 16:21:30 [notice] 1#1: start worker process 33
2024/09/22 16:21:30 [notice] 1#1: start worker process 34
2024/09/22 16:21:30 [notice] 1#1: start worker process 35
2024/09/22 16:21:30 [notice] 1#1: start worker process 36
2024/09/22 16:21:30 [notice] 1#1: start worker process 37
2024/09/22 16:21:30 [notice] 1#1: start worker process 38
2024/09/22 16:21:30 [notice] 1#1: start worker process 39
2024/09/22 16:47:25 [notice] 1#1: using the "epoll" event method
2024/09/22 16:47:25 [notice] 1#1: nginx/1.27.1
2024/09/22 16:47:25 [notice] 1#1: built by gcc 12.2.0 (Debian 12.2.0-14) 
2024/09/22 16:47:25 [notice] 1#1: OS: Linux 6.6.16-linuxkit
2024/09/22 16:47:25 [notice] 1#1: getrlimit(RLIMIT_NOFILE): 1048576:1048576
2024/09/22 16:47:25 [notice] 1#1: start worker processes
2024/09/22 16:47:25 [notice] 1#1: start worker process 28
2024/09/22 16:47:25 [notice] 1#1: start worker process 29
2024/09/22 16:47:25 [notice] 1#1: start worker process 30
2024/09/22 16:47:25 [notice] 1#1: start worker process 31
2024/09/22 16:47:25 [notice] 1#1: start worker process 32
2024/09/22 16:47:25 [notice] 1#1: start worker process 33
2024/09/22 16:47:25 [notice] 1#1: start worker process 34
2024/09/22 16:47:25 [notice] 1#1: start worker process 35
2024/09/22 16:47:25 [notice] 1#1: start worker process 36
2024/09/22 16:47:25 [notice] 1#1: start worker process 37
2024/09/22 16:47:25 [notice] 1#1: start worker process 38
2024/09/22 16:47:25 [notice] 1#1: start worker process 39
2024/09/22 16:47:53 [notice] 1#1: using the "epoll" event method
2024/09/22 16:47:53 [notice] 1#1: nginx/1.27.1
2024/09/22 16:47:53 [notice] 1#1: built by gcc 12.2.0 (Debian 12.2.0-14) 
2024/09/22 16:47:53 [notice] 1#1: OS: Linux 6.6.16-linuxkit
2024/09/22 16:47:53 [notice] 1#1: getrlimit(RLIMIT_NOFILE): 1048576:1048576
2024/09/22 16:47:53 [notice] 1#1: start worker processes
2024/09/22 16:47:53 [notice] 1#1: start worker process 28
2024/09/22 16:47:53 [notice] 1#1: start worker process 29
2024/09/22 16:47:53 [notice] 1#1: start worker process 30
2024/09/22 16:47:53 [notice] 1#1: start worker process 31
2024/09/22 16:47:53 [notice] 1#1: start worker process 32
2024/09/22 16:47:53 [notice] 1#1: start worker process 33
2024/09/22 16:47:53 [notice] 1#1: start worker process 34
2024/09/22 16:47:53 [notice] 1#1: start worker process 35
2024/09/22 16:47:53 [notice] 1#1: start worker process 36
2024/09/22 16:47:53 [notice] 1#1: start worker process 37
2024/09/22 16:47:53 [notice] 1#1: start worker process 38
2024/09/22 16:47:53 [notice] 1#1: start worker process 39
2024/09/22 16:48:18 [notice] 1#1: using the "epoll" event method
2024/09/22 16:48:18 [notice] 1#1: nginx/1.27.1
2024/09/22 16:48:18 [notice] 1#1: built by gcc 12.2.0 (Debian 12.2.0-14) 
2024/09/22 16:48:18 [notice] 1#1: OS: Linux 6.6.16-linuxkit
2024/09/22 16:48:18 [notice] 1#1: getrlimit(RLIMIT_NOFILE): 1048576:1048576
2024/09/22 16:48:18 [notice] 1#1: start worker processes
2024/09/22 16:48:18 [notice] 1#1: start worker process 28
2024/09/22 16:48:18 [notice] 1#1: start worker process 29
2024/09/22 16:48:18 [notice] 1#1: start worker process 30
2024/09/22 16:48:18 [notice] 1#1: start worker process 31
2024/09/22 16:48:18 [notice] 1#1: start worker process 32
2024/09/22 16:48:18 [notice] 1#1: start worker process 33
2024/09/22 16:48:18 [notice] 1#1: start worker process 34
2024/09/22 16:48:18 [notice] 1#1: start worker process 35
2024/09/22 16:48:18 [notice] 1#1: start worker process 36
2024/09/22 16:48:18 [notice] 1#1: start worker process 37
2024/09/22 16:48:18 [notice] 1#1: start worker process 38
2024/09/22 16:48:18 [notice] 1#1: start worker process 39
2024/09/22 19:48:43 [notice] 1#1: signal 3 (SIGQUIT) received, shutting down
2024/09/22 19:48:43 [notice] 29#29: gracefully shutting down
2024/09/22 19:48:43 [notice] 31#31: gracefully shutting down
2024/09/22 19:48:43 [notice] 33#33: gracefully shutting down
2024/09/22 19:48:43 [notice] 38#38: gracefully shutting down
2024/09/22 19:48:43 [notice] 34#34: gracefully shutting down
2024/09/22 19:48:43 [notice] 35#35: gracefully shutting down
2024/09/22 19:48:43 [notice] 32#32: gracefully shutting down
2024/09/22 19:48:43 [notice] 37#37: gracefully shutting down
2024/09/22 19:48:43 [notice] 36#36: gracefully shutting down
2024/09/22 19:48:43 [notice] 30#30: gracefully shutting down
2024/09/22 19:48:43 [notice] 30#30: exiting
2024/09/22 19:48:43 [notice] 39#39: gracefully shutting down
2024/09/22 19:48:43 [notice] 28#28: gracefully shutting down
2024/09/22 19:48:43 [notice] 29#29: exiting
2024/09/22 19:48:43 [notice] 31#31: exiting
2024/09/22 19:48:43 [notice] 33#33: exiting
2024/09/22 19:48:43 [notice] 38#38: exiting
2024/09/22 19:48:43 [notice] 34#34: exiting
2024/09/22 19:48:43 [notice] 35#35: exiting
2024/09/22 19:48:43 [notice] 35#35: exit
2024/09/22 19:48:43 [notice] 32#32: exiting
2024/09/22 19:48:43 [notice] 37#37: exiting
2024/09/22 19:48:43 [notice] 37#37: exit
2024/09/22 19:48:43 [notice] 36#36: exiting
2024/09/22 19:48:43 [notice] 30#30: exit
2024/09/22 19:48:43 [notice] 39#39: exiting
2024/09/22 19:48:43 [notice] 28#28: exiting
2024/09/22 19:48:43 [notice] 29#29: exit
2024/09/22 19:48:43 [notice] 31#31: exit
2024/09/22 19:48:43 [notice] 33#33: exit
2024/09/22 19:48:43 [notice] 38#38: exit
2024/09/22 19:48:43 [notice] 34#34: exit
2024/09/22 19:48:43 [notice] 32#32: exit
2024/09/22 19:48:43 [notice] 36#36: exit
2024/09/22 19:48:43 [notice] 39#39: exit
2024/09/22 19:48:43 [notice] 28#28: exit
2024/09/22 19:48:43 [notice] 1#1: signal 17 (SIGCHLD) received from 30
2024/09/22 19:48:43 [notice] 1#1: worker process 30 exited with code 0
2024/09/22 19:48:43 [notice] 1#1: worker process 31 exited with code 0
2024/09/22 19:48:43 [notice] 1#1: worker process 33 exited with code 0
2024/09/22 19:48:43 [notice] 1#1: worker process 35 exited with code 0
2024/09/22 19:48:43 [notice] 1#1: worker process 37 exited with code 0
2024/09/22 19:48:43 [notice] 1#1: signal 29 (SIGIO) received
2024/09/22 19:48:43 [notice] 1#1: signal 17 (SIGCHLD) received from 33
2024/09/22 19:48:43 [notice] 1#1: signal 17 (SIGCHLD) received from 29
2024/09/22 19:48:43 [notice] 1#1: worker process 29 exited with code 0
2024/09/22 19:48:43 [notice] 1#1: signal 29 (SIGIO) received
2024/09/22 19:48:43 [notice] 1#1: signal 17 (SIGCHLD) received from 38
2024/09/22 19:48:43 [notice] 1#1: worker process 34 exited with code 0
2024/09/22 19:48:43 [notice] 1#1: worker process 38 exited with code 0
2024/09/22 19:48:43 [notice] 1#1: worker process 39 exited with code 0
2024/09/22 19:48:43 [notice] 1#1: signal 29 (SIGIO) received
2024/09/22 19:48:43 [notice] 1#1: signal 17 (SIGCHLD) received from 34
2024/09/22 19:48:43 [notice] 1#1: signal 17 (SIGCHLD) received from 36
2024/09/22 19:48:43 [notice] 1#1: worker process 28 exited with code 0
2024/09/22 19:48:43 [notice] 1#1: worker process 32 exited with code 0
2024/09/22 19:48:43 [notice] 1#1: worker process 36 exited with code 0
2024/09/22 19:48:43 [notice] 1#1: exit
2024/09/22 19:48:58 [notice] 1#1: using the "epoll" event method
2024/09/22 19:48:58 [notice] 1#1: nginx/1.27.1
2024/09/22 19:48:58 [notice] 1#1: built by gcc 12.2.0 (Debian 12.2.0-14) 
2024/09/22 19:48:58 [notice] 1#1: OS: Linux 6.6.16-linuxkit
2024/09/22 19:48:58 [notice] 1#1: getrlimit(RLIMIT_NOFILE): 1048576:1048576
2024/09/22 19:48:58 [notice] 1#1: start worker processes
2024/09/22 19:48:58 [notice] 1#1: start worker process 27
2024/09/22 19:48:58 [notice] 1#1: start worker process 28
2024/09/22 19:48:58 [notice] 1#1: start worker process 29
2024/09/22 19:48:58 [notice] 1#1: start worker process 30
2024/09/22 19:48:58 [notice] 1#1: start worker process 31
2024/09/22 19:48:58 [notice] 1#1: start worker process 32
2024/09/22 19:48:58 [notice] 1#1: start worker process 33
2024/09/22 19:48:58 [notice] 1#1: start worker process 34
2024/09/22 19:48:58 [notice] 1#1: start worker process 35
2024/09/22 19:48:58 [notice] 1#1: start worker process 36
2024/09/22 19:48:58 [notice] 1#1: start worker process 37
2024/09/22 19:48:58 [notice] 1#1: start worker process 38
2024/09/22 19:53:12 [notice] 1#1: using the "epoll" event method
2024/09/22 19:53:12 [notice] 1#1: nginx/1.27.1
2024/09/22 19:53:12 [notice] 1#1: built by gcc 12.2.0 (Debian 12.2.0-14) 
2024/09/22 19:53:12 [notice] 1#1: OS: Linux 6.6.16-linuxkit
2024/09/22 19:53:12 [notice] 1#1: getrlimit(RLIMIT_NOFILE): 1048576:1048576
2024/09/22 19:53:12 [notice] 1#1: start worker processes
2024/09/22 19:53:12 [notice] 1#1: start worker process 28
2024/09/22 19:53:12 [notice] 1#1: start worker process 29
2024/09/22 19:53:12 [notice] 1#1: start worker process 30
2024/09/22 19:53:12 [notice] 1#1: start worker process 31
2024/09/22 19:53:12 [notice] 1#1: start worker process 32
2024/09/22 19:53:12 [notice] 1#1: start worker process 33
2024/09/22 19:53:12 [notice] 1#1: start worker process 34
2024/09/22 19:53:12 [notice] 1#1: start worker process 35
2024/09/22 19:53:12 [notice] 1#1: start worker process 36
2024/09/22 19:53:12 [notice] 1#1: start worker process 37
2024/09/22 19:53:12 [notice] 1#1: start worker process 38
2024/09/22 19:53:12 [notice] 1#1: start worker process 39
2024/09/22 19:53:45 [notice] 1#1: signal 3 (SIGQUIT) received, shutting down
2024/09/22 19:53:45 [notice] 28#28: gracefully shutting down
2024/09/22 19:53:45 [notice] 29#29: gracefully shutting down
2024/09/22 19:53:45 [notice] 30#30: gracefully shutting down
2024/09/22 19:53:45 [notice] 30#30: exiting
2024/09/22 19:53:45 [notice] 31#31: gracefully shutting down
2024/09/22 19:53:45 [notice] 31#31: exiting
2024/09/22 19:53:45 [notice] 32#32: gracefully shutting down
2024/09/22 19:53:45 [notice] 33#33: gracefully shutting down
2024/09/22 19:53:45 [notice] 34#34: gracefully shutting down
2024/09/22 19:53:45 [notice] 38#38: gracefully shutting down
2024/09/22 19:53:45 [notice] 35#35: gracefully shutting down
2024/09/22 19:53:45 [notice] 36#36: gracefully shutting down
2024/09/22 19:53:45 [notice] 39#39: gracefully shutting down
2024/09/22 19:53:45 [notice] 37#37: gracefully shutting down
2024/09/22 19:53:45 [notice] 28#28: exiting
2024/09/22 19:53:45 [notice] 29#29: exiting
2024/09/22 19:53:45 [notice] 30#30: exit
2024/09/22 19:53:45 [notice] 31#31: exit
2024/09/22 19:53:45 [notice] 32#32: exiting
2024/09/22 19:53:45 [notice] 33#33: exiting
2024/09/22 19:53:45 [notice] 34#34: exiting
2024/09/22 19:53:45 [notice] 38#38: exiting
2024/09/22 19:53:45 [notice] 35#35: exiting
2024/09/22 19:53:45 [notice] 36#36: exiting
2024/09/22 19:53:45 [notice] 39#39: exiting
2024/09/22 19:53:45 [notice] 37#37: exiting
2024/09/22 19:53:45 [notice] 28#28: exit
2024/09/22 19:53:45 [notice] 29#29: exit
2024/09/22 19:53:45 [notice] 32#32: exit
2024/09/22 19:53:45 [notice] 33#33: exit
2024/09/22 19:53:45 [notice] 34#34: exit
2024/09/22 19:53:45 [notice] 38#38: exit
2024/09/22 19:53:45 [notice] 35#35: exit
2024/09/22 19:53:45 [notice] 36#36: exit
2024/09/22 19:53:45 [notice] 39#39: exit
2024/09/22 19:53:45 [notice] 37#37: exit
2024/09/22 19:53:45 [notice] 1#1: signal 17 (SIGCHLD) received from 32
2024/09/22 19:53:45 [notice] 1#1: worker process 28 exited with code 0
2024/09/22 19:53:45 [notice] 1#1: worker process 29 exited with code 0
2024/09/22 19:53:45 [notice] 1#1: worker process 30 exited with code 0
2024/09/22 19:53:45 [notice] 1#1: worker process 31 exited with code 0
2024/09/22 19:53:45 [notice] 1#1: worker process 32 exited with code 0
2024/09/22 19:53:45 [notice] 1#1: worker process 33 exited with code 0
2024/09/22 19:53:45 [notice] 1#1: worker process 38 exited with code 0
2024/09/22 19:53:45 [notice] 1#1: signal 29 (SIGIO) received
2024/09/22 19:53:45 [notice] 1#1: signal 17 (SIGCHLD) received from 31
2024/09/22 19:53:45 [notice] 1#1: signal 17 (SIGCHLD) received from 37
2024/09/22 19:53:45 [notice] 1#1: worker process 34 exited with code 0
2024/09/22 19:53:45 [notice] 1#1: worker process 35 exited with code 0
2024/09/22 19:53:45 [notice] 1#1: worker process 37 exited with code 0
2024/09/22 19:53:45 [notice] 1#1: worker process 39 exited with code 0
2024/09/22 19:53:45 [notice] 1#1: signal 29 (SIGIO) received
2024/09/22 19:53:45 [notice] 1#1: signal 17 (SIGCHLD) received from 35
2024/09/22 19:53:45 [notice] 1#1: signal 17 (SIGCHLD) received from 36
2024/09/22 19:53:45 [notice] 1#1: worker process 36 exited with code 0
2024/09/22 19:53:45 [notice] 1#1: exit
